# JRE version: Java(TM) SE Runtime Environment (25.0.1+8) (build 25.0.1+8-LTS-27)
# Java VM: Java HotSpot(TM) 64-Bit Server VM (25.0.1+8-LTS-27, mixed mode, sharing, tiered, compressed oops, compressed class ptrs, g1 gc, windows-amd64)
GC Precious Log:
 CardTable entry size: 512
 Card Set container configuration: InlinePtr #cards 5 size 8 Array Of Cards #cards 10 size 36 Howl #buckets 4 coarsen threshold 1843 Howl Bitmap #cards 512 size 80 coarsen threshold 460 Card regions per heap region 1 cards per card region 2048
 CPUs: 8 total, 8 available
 Memory: 7418M
 Large Page Support: Disabled
 NUMA Support: Disabled
 Compressed Oops: Enabled (32-bit)
 Heap Region Size: 1M
 Heap Min Capacity: 8M
 Heap Initial Capacity: 8M
 Heap Max Capacity: 1856M
 Pre-touch: Disabled
 Parallel Workers: 8
 Concurrent Workers: 2
 Concurrent Refinement Workers: 8
 Periodic GC: Disabled
Heap:
 garbage-first heap   total reserved 1900544K, committed 15360K, used 5825K [0x000000008c000000, 0x0000000100000000)
  region size 1024K, 1 young (1024K), 1 survivors (1024K)
GC Heap Usage History (20 events):
Event: 0.872 {heap After GC invocations=2 (full 0):
 garbage-first heap   total reserved 1900544K, committed 10240K, used 2976K [0x000000008c000000, 0x0000000100000000)
  region size 1024K, 1 young (1024K), 1 survivors (1024K)
}
Event: 1.106 {heap Before GC invocations=2 (full 0):
 garbage-first heap   total reserved 1900544K, committed 10240K, used 5024K [0x000000008c000000, 0x0000000100000000)
  region size 1024K, 3 young (3072K), 1 survivors (1024K)
}
Event: 1.110 {heap After GC invocations=3 (full 0):
 garbage-first heap   total reserved 1900544K, committed 10240K, used 3522K [0x000000008c000000, 0x0000000100000000)
  region size 1024K, 1 young (1024K), 1 survivors (1024K)
}
Event: 1.198 {heap Before GC invocations=3 (full 0):
 garbage-first heap   total reserved 1900544K, committed 10240K, used 5570K [0x000000008c000000, 0x0000000100000000)
  region size 1024K, 3 young (3072K), 1 survivors (1024K)
}
Event: 1.203 {heap After GC invocations=4 (full 0):
 garbage-first heap   total reserved 1900544K, committed 10240K, used 4106K [0x000000008c000000, 0x0000000100000000)
  region size 1024K, 1 young (1024K), 1 survivors (1024K)
}
Event: 1.262 {heap Before GC invocations=5 (full 0):
 garbage-first heap   total reserved 1900544K, committed 10240K, used 6154K [0x000000008c000000, 0x0000000100000000)
  region size 1024K, 3 young (3072K), 1 survivors (1024K)
}
Event: 1.266 {heap After GC invocations=6 (full 0):
 garbage-first heap   total reserved 1900544K, committed 10240K, used 4437K [0x000000008c000000, 0x0000000100000000)
  region size 1024K, 1 young (1024K), 1 survivors (1024K)
}
Event: 1.312 {heap Before GC invocations=6 (full 0):
 garbage-first heap   total reserved 1900544K, committed 10240K, used 6485K [0x000000008c000000, 0x0000000100000000)
  region size 1024K, 3 young (3072K), 1 survivors (1024K)
}
Event: 1.314 {heap After GC invocations=7 (full 0):
 garbage-first heap   total reserved 1900544K, committed 10240K, used 4750K [0x000000008c000000, 0x0000000100000000)
  region size 1024K, 1 young (1024K), 1 survivors (1024K)
}
Event: 1.330 {heap Before GC invocations=7 (full 0):
 garbage-first heap   total reserved 1900544K, committed 10240K, used 6798K [0x000000008c000000, 0x0000000100000000)
  region size 1024K, 3 young (3072K), 1 survivors (1024K)
}
Event: 2.333 {heap After GC invocations=8 (full 0):
 garbage-first heap   total reserved 1900544K, committed 15360K, used 5123K [0x000000008c000000, 0x0000000100000000)
  region size 1024K, 1 young (1024K), 1 survivors (1024K)
}
Event: 2.337 {heap Before GC invocations=8 (full 0):
 garbage-first heap   total reserved 1900544K, committed 15360K, used 6147K [0x000000008c000000, 0x0000000100000000)
  region size 1024K, 2 young (2048K), 1 survivors (1024K)
}
Event: 2.340 {heap After GC invocations=9 (full 0):
 garbage-first heap   total reserved 1900544K, committed 15360K, used 5249K [0x000000008c000000, 0x0000000100000000)
  region size 1024K, 1 young (1024K), 1 survivors (1024K)
}
Event: 2.344 {heap Before GC invocations=9 (full 0):
 garbage-first heap   total reserved 1900544K, committed 15360K, used 6273K [0x000000008c000000, 0x0000000100000000)
  region size 1024K, 2 young (2048K), 1 survivors (1024K)
}
Event: 2.346 {heap After GC invocations=10 (full 0):
 garbage-first heap   total reserved 1900544K, committed 15360K, used 5295K [0x000000008c000000, 0x0000000100000000)
  region size 1024K, 1 young (1024K), 1 survivors (1024K)
}
Event: 2.356 {heap Before GC invocations=11 (full 0):
 garbage-first heap   total reserved 1900544K, committed 15360K, used 6319K [0x000000008c000000, 0x0000000100000000)
  region size 1024K, 2 young (2048K), 1 survivors (1024K)
}
Event: 2.358 {heap After GC invocations=12 (full 0):
 garbage-first heap   total reserved 1900544K, committed 15360K, used 5517K [0x000000008c000000, 0x0000000100000000)
  region size 1024K, 1 young (1024K), 1 survivors (1024K)
}
Event: 2.370 {heap Before GC invocations=12 (full 0):
 garbage-first heap   total reserved 1900544K, committed 15360K, used 6541K [0x000000008c000000, 0x0000000100000000)
  region size 1024K, 2 young (2048K), 1 survivors (1024K)
}
Event: 2.375 {heap After GC invocations=13 (full 0):
 garbage-first heap   total reserved 1900544K, committed 15360K, used 5628K [0x000000008c000000, 0x0000000100000000)
  region size 1024K, 1 young (1024K), 1 survivors (1024K)
}
Event: 2.413 {heap Before GC invocations=13 (full 0):
 garbage-first heap   total reserved 1900544K, committed 15360K, used 6652K [0x000000008c000000, 0x0000000100000000)
  region size 1024K, 2 young (2048K), 1 survivors (1024K)
}

